<?xml version="1.0" encoding="UTF-8"?>
<!-- Generated by org.testng.reporters.JUnitReportReporter -->
<testsuite hostname="JATIN" failures="0" tests="1" name="fillForm.FillFormSignIn" time="3.407" errors="0" timestamp="2025-05-18T01:07:55 EDT" skipped="0">
  <testcase classname="fillForm.FillFormSignIn" name="testResgisterUser" time="3.407"/>
</testsuite> <!-- fillForm.FillFormSignIn -->
