<?xml version="1.0" encoding="UTF-8"?>
<!-- Generated by org.testng.reporters.JUnitReportReporter -->
<testsuite hostname="JATIN" failures="0" tests="3" name="alertAssignments.HerokuppAlertAssignmentMay14" time="9.323" errors="0" timestamp="2025-05-18T10:57:30 EDT" skipped="0">
  <testcase classname="alertAssignments.HerokuppAlertAssignmentMay14" name="JSPrompt" time="2.424"/>
  <testcase classname="alertAssignments.HerokuppAlertAssignmentMay14" name="JSConfirm" time="3.154"/>
  <testcase classname="alertAssignments.HerokuppAlertAssignmentMay14" name="AlertJsAlert" time="3.745"/>
</testsuite> <!-- alertAssignments.HerokuppAlertAssignmentMay14 -->
