<?xml version="1.0" encoding="UTF-8"?>
<!-- Generated by org.testng.reporters.JUnitReportReporter -->
<testsuite hostname="JATIN" failures="0" tests="3" name="testngexamples.DemoQAassignment" time="11.364" errors="0" timestamp="2025-05-13T22:54:55 EDT" skipped="0">
  <testcase classname="testngexamples.DemoQAassignment" name="Dropdown1" time="4.087"/>
  <testcase classname="testngexamples.DemoQAassignment" name="dropdown3" time="4.043"/>
  <testcase classname="testngexamples.DemoQAassignment" name="dropdown2" time="3.234"/>
</testsuite> <!-- testngexamples.DemoQAassignment -->
