<?xml version="1.0" encoding="UTF-8"?>
<!-- Generated by org.testng.reporters.JUnitReportReporter -->
<testsuite hostname="JATIN" failures="0" tests="1" name="testngexamples.MyFirstTestNGClass" time="3.774" errors="0" timestamp="2025-05-11T22:09:56 EDT" skipped="0">
  <testcase classname="testngexamples.MyFirstTestNGClass" name="test01" time="3.774"/>
</testsuite> <!-- testngexamples.MyFirstTestNGClass -->
